<?xml version="1.0" encoding="UTF-8"?>
<testsuite name="rspec" tests="20" skipped="0" failures="0" errors="0" time="0.019731" timestamp="2020-04-27T21:37:35-03:00" hostname="DESKTOP-PVI0MP1">
<properties>
<property name="seed" value="17576"/>
</properties>
<testcase classname="spec.avangers_spec" name="AvengersHeadQuarter deve adicionar um vingador" file="./spec/avangers_spec.rb" time="0.001958"></testcase>
<testcase classname="spec.avangers_spec" name="AvengersHeadQuarter deve adicionar uma lista de vingadores" file="./spec/avangers_spec.rb" time="0.004035"></testcase>
<testcase classname="spec.avangers_spec" name="AvengersHeadQuarter thor deve ser o primeiro da lista" file="./spec/avangers_spec.rb" time="0.002289"></testcase>
<testcase classname="spec.avangers_spec" name="AvengersHeadQuarter Ironman deve ser o último da lista" file="./spec/avangers_spec.rb" time="0.000080"></testcase>
<testcase classname="spec.avangers_spec" name="AvengersHeadQuarter deve conter o sobrenome" file="./spec/avangers_spec.rb" time="0.001532"></testcase>
<testcase classname="spec.banck.saque_cc_spec" name="ContaCorrente Saque quando o valor é positivo entao atualiza saldo" file="./spec/banck/saque_cc_spec.rb" time="0.001380"></testcase>
<testcase classname="spec.banck.saque_cc_spec" name="ContaCorrente Saque quando o saldo é zero então exibe mensagem" file="./spec/banck/saque_cc_spec.rb" time="0.000058"></testcase>
<testcase classname="spec.banck.saque_cc_spec" name="ContaCorrente Saque quando o saldo é zero e o saldo final com zero" file="./spec/banck/saque_cc_spec.rb" time="0.000044"></testcase>
<testcase classname="spec.banck.saque_cc_spec" name="ContaCorrente Saque quando o saldo é insuficiente então exibe mensagem" file="./spec/banck/saque_cc_spec.rb" time="0.000226"></testcase>
<testcase classname="spec.banck.saque_cc_spec" name="ContaCorrente Saque quando o saldo é insuficiente e o saldo permanece" file="./spec/banck/saque_cc_spec.rb" time="0.000052"></testcase>
<testcase classname="spec.banck.saque_cc_spec" name="ContaCorrente Saque quando supera o limite de saque então exibe mensagem" file="./spec/banck/saque_cc_spec.rb" time="0.000144"></testcase>
<testcase classname="spec.banck.saque_cc_spec" name="ContaCorrente Saque quando supera o limite de saque e o saldo permanece" file="./spec/banck/saque_cc_spec.rb" time="0.000115"></testcase>
<testcase classname="spec.banck.saque_cp_spec" name="ContaPoupanca Saque quando o valor é positivo entao atualiza saldo" file="./spec/banck/saque_cp_spec.rb" time="0.000100"></testcase>
<testcase classname="spec.banck.saque_cp_spec" name="ContaPoupanca Saque quando o saldo é zero então exibe mensagem" file="./spec/banck/saque_cp_spec.rb" time="0.000110"></testcase>
<testcase classname="spec.banck.saque_cp_spec" name="ContaPoupanca Saque quando o saldo é zero e o saldo final com zero" file="./spec/banck/saque_cp_spec.rb" time="0.000081"></testcase>
<testcase classname="spec.banck.saque_cp_spec" name="ContaPoupanca Saque quando o saldo é insuficiente então exibe mensagem" file="./spec/banck/saque_cp_spec.rb" time="0.000153"></testcase>
<testcase classname="spec.banck.saque_cp_spec" name="ContaPoupanca Saque quando o saldo é insuficiente e o saldo permanece" file="./spec/banck/saque_cp_spec.rb" time="0.000061"></testcase>
<testcase classname="spec.banck.saque_cp_spec" name="ContaPoupanca Saque quando supera o limite de saque então exibe mensagem" file="./spec/banck/saque_cp_spec.rb" time="0.000045"></testcase>
<testcase classname="spec.banck.saque_cp_spec" name="ContaPoupanca Saque quando supera o limite de saque e o saldo permanece" file="./spec/banck/saque_cp_spec.rb" time="0.000056"></testcase>
<testcase classname="spec.exemplos_spec" name="exemplo de suite exemplo de cenario" file="./spec/exemplos_spec.rb" time="0.000041"></testcase>
</testsuite>
